<?xml version="1.0" encoding="UTF-8"?>
<testsuite xmlns:xsi="http://www.w3.org/2001/XMLSchema-instance" xsi:noNamespaceSchemaLocation="https://maven.apache.org/surefire/maven-surefire-plugin/xsd/surefire-test-report.xsd" version="3.0.2" name="com.nuevo.tareas.GestionTareasApplicationTests" time="2.818" tests="7" errors="0" skipped="0" failures="0">
  <properties>
    <property name="java.specification.version" value="17"/>
    <property name="sun.jnu.encoding" value="UTF-8"/>
    <property name="java.class.path" value="/Users/jorgebarrigaquilodran/Desarrollo/POC/java/spring-boot/gestion-tareas/target/test-classes:/Users/jorgebarrigaquilodran/Desarrollo/POC/java/spring-boot/gestion-tareas/target/classes:/Users/jorgebarrigaquilodran/.m2/repository/org/springframework/boot/spring-boot-starter-data-jpa/3.4.3/spring-boot-starter-data-jpa-3.4.3.jar:/Users/jorgebarrigaquilodran/.m2/repository/org/springframework/boot/spring-boot-starter/3.4.3/spring-boot-starter-3.4.3.jar:/Users/jorgebarrigaquilodran/.m2/repository/org/springframework/boot/spring-boot-starter-logging/3.4.3/spring-boot-starter-logging-3.4.3.jar:/Users/jorgebarrigaquilodran/.m2/repository/ch/qos/logback/logback-classic/1.5.16/logback-classic-1.5.16.jar:/Users/jorgebarrigaquilodran/.m2/repository/ch/qos/logback/logback-core/1.5.16/logback-core-1.5.16.jar:/Users/jorgebarrigaquilodran/.m2/repository/org/apache/logging/log4j/log4j-to-slf4j/2.24.3/log4j-to-slf4j-2.24.3.jar:/Users/jorgebarrigaquilodran/.m2/repository/org/apache/logging/log4j/log4j-api/2.24.3/log4j-api-2.24.3.jar:/Users/jorgebarrigaquilodran/.m2/repository/org/slf4j/jul-to-slf4j/2.0.16/jul-to-slf4j-2.0.16.jar:/Users/jorgebarrigaquilodran/.m2/repository/jakarta/annotation/jakarta.annotation-api/2.1.1/jakarta.annotation-api-2.1.1.jar:/Users/jorgebarrigaquilodran/.m2/repository/org/yaml/snakeyaml/2.3/snakeyaml-2.3.jar:/Users/jorgebarrigaquilodran/.m2/repository/org/springframework/boot/spring-boot-starter-jdbc/3.4.3/spring-boot-starter-jdbc-3.4.3.jar:/Users/jorgebarrigaquilodran/.m2/repository/com/zaxxer/HikariCP/5.1.0/HikariCP-5.1.0.jar:/Users/jorgebarrigaquilodran/.m2/repository/org/springframework/spring-jdbc/6.2.3/spring-jdbc-6.2.3.jar:/Users/jorgebarrigaquilodran/.m2/repository/org/hibernate/orm/hibernate-core/6.6.8.Final/hibernate-core-6.6.8.Final.jar:/Users/jorgebarrigaquilodran/.m2/repository/jakarta/persistence/jakarta.persistence-api/3.1.0/jakarta.persistence-api-3.1.0.jar:/Users/jorgebarrigaquilodran/.m2/repository/jakarta/transaction/jakarta.transaction-api/2.0.1/jakarta.transaction-api-2.0.1.jar:/Users/jorgebarrigaquilodran/.m2/repository/org/jboss/logging/jboss-logging/3.6.1.Final/jboss-logging-3.6.1.Final.jar:/Users/jorgebarrigaquilodran/.m2/repository/org/hibernate/common/hibernate-commons-annotations/7.0.3.Final/hibernate-commons-annotations-7.0.3.Final.jar:/Users/jorgebarrigaquilodran/.m2/repository/io/smallrye/jandex/3.2.0/jandex-3.2.0.jar:/Users/jorgebarrigaquilodran/.m2/repository/com/fasterxml/classmate/1.7.0/classmate-1.7.0.jar:/Users/jorgebarrigaquilodran/.m2/repository/net/bytebuddy/byte-buddy/1.15.11/byte-buddy-1.15.11.jar:/Users/jorgebarrigaquilodran/.m2/repository/org/glassfish/jaxb/jaxb-runtime/4.0.5/jaxb-runtime-4.0.5.jar:/Users/jorgebarrigaquilodran/.m2/repository/org/glassfish/jaxb/jaxb-core/4.0.5/jaxb-core-4.0.5.jar:/Users/jorgebarrigaquilodran/.m2/repository/org/eclipse/angus/angus-activation/2.0.2/angus-activation-2.0.2.jar:/Users/jorgebarrigaquilodran/.m2/repository/org/glassfish/jaxb/txw2/4.0.5/txw2-4.0.5.jar:/Users/jorgebarrigaquilodran/.m2/repository/com/sun/istack/istack-commons-runtime/4.1.2/istack-commons-runtime-4.1.2.jar:/Users/jorgebarrigaquilodran/.m2/repository/jakarta/inject/jakarta.inject-api/2.0.1/jakarta.inject-api-2.0.1.jar:/Users/jorgebarrigaquilodran/.m2/repository/org/antlr/antlr4-runtime/4.13.0/antlr4-runtime-4.13.0.jar:/Users/jorgebarrigaquilodran/.m2/repository/org/springframework/data/spring-data-jpa/3.4.3/spring-data-jpa-3.4.3.jar:/Users/jorgebarrigaquilodran/.m2/repository/org/springframework/data/spring-data-commons/3.4.3/spring-data-commons-3.4.3.jar:/Users/jorgebarrigaquilodran/.m2/repository/org/springframework/spring-orm/6.2.3/spring-orm-6.2.3.jar:/Users/jorgebarrigaquilodran/.m2/repository/org/springframework/spring-context/6.2.3/spring-context-6.2.3.jar:/Users/jorgebarrigaquilodran/.m2/repository/org/springframework/spring-tx/6.2.3/spring-tx-6.2.3.jar:/Users/jorgebarrigaquilodran/.m2/repository/org/springframework/spring-beans/6.2.3/spring-beans-6.2.3.jar:/Users/jorgebarrigaquilodran/.m2/repository/org/slf4j/slf4j-api/2.0.16/slf4j-api-2.0.16.jar:/Users/jorgebarrigaquilodran/.m2/repository/org/springframework/spring-aspects/6.2.3/spring-aspects-6.2.3.jar:/Users/jorgebarrigaquilodran/.m2/repository/org/aspectj/aspectjweaver/1.9.22.1/aspectjweaver-1.9.22.1.jar:/Users/jorgebarrigaquilodran/.m2/repository/org/springframework/boot/spring-boot-starter-security/3.4.3/spring-boot-starter-security-3.4.3.jar:/Users/jorgebarrigaquilodran/.m2/repository/org/springframework/spring-aop/6.2.3/spring-aop-6.2.3.jar:/Users/jorgebarrigaquilodran/.m2/repository/org/springframework/security/spring-security-config/6.4.3/spring-security-config-6.4.3.jar:/Users/jorgebarrigaquilodran/.m2/repository/org/springframework/security/spring-security-web/6.4.3/spring-security-web-6.4.3.jar:/Users/jorgebarrigaquilodran/.m2/repository/org/springframework/spring-expression/6.2.3/spring-expression-6.2.3.jar:/Users/jorgebarrigaquilodran/.m2/repository/org/springframework/boot/spring-boot-starter-web/3.4.3/spring-boot-starter-web-3.4.3.jar:/Users/jorgebarrigaquilodran/.m2/repository/org/springframework/boot/spring-boot-starter-json/3.4.3/spring-boot-starter-json-3.4.3.jar:/Users/jorgebarrigaquilodran/.m2/repository/com/fasterxml/jackson/datatype/jackson-datatype-jdk8/2.18.2/jackson-datatype-jdk8-2.18.2.jar:/Users/jorgebarrigaquilodran/.m2/repository/com/fasterxml/jackson/module/jackson-module-parameter-names/2.18.2/jackson-module-parameter-names-2.18.2.jar:/Users/jorgebarrigaquilodran/.m2/repository/org/springframework/boot/spring-boot-starter-tomcat/3.4.3/spring-boot-starter-tomcat-3.4.3.jar:/Users/jorgebarrigaquilodran/.m2/repository/org/apache/tomcat/embed/tomcat-embed-core/10.1.36/tomcat-embed-core-10.1.36.jar:/Users/jorgebarrigaquilodran/.m2/repository/org/apache/tomcat/embed/tomcat-embed-el/10.1.36/tomcat-embed-el-10.1.36.jar:/Users/jorgebarrigaquilodran/.m2/repository/org/apache/tomcat/embed/tomcat-embed-websocket/10.1.36/tomcat-embed-websocket-10.1.36.jar:/Users/jorgebarrigaquilodran/.m2/repository/org/springframework/spring-web/6.2.3/spring-web-6.2.3.jar:/Users/jorgebarrigaquilodran/.m2/repository/io/micrometer/micrometer-observation/1.14.4/micrometer-observation-1.14.4.jar:/Users/jorgebarrigaquilodran/.m2/repository/io/micrometer/micrometer-commons/1.14.4/micrometer-commons-1.14.4.jar:/Users/jorgebarrigaquilodran/.m2/repository/org/springframework/spring-webmvc/6.2.3/spring-webmvc-6.2.3.jar:/Users/jorgebarrigaquilodran/.m2/repository/org/springframework/boot/spring-boot-devtools/3.4.3/spring-boot-devtools-3.4.3.jar:/Users/jorgebarrigaquilodran/.m2/repository/org/springframework/boot/spring-boot/3.4.3/spring-boot-3.4.3.jar:/Users/jorgebarrigaquilodran/.m2/repository/org/springframework/boot/spring-boot-autoconfigure/3.4.3/spring-boot-autoconfigure-3.4.3.jar:/Users/jorgebarrigaquilodran/.m2/repository/com/h2database/h2/2.3.232/h2-2.3.232.jar:/Users/jorgebarrigaquilodran/.m2/repository/org/projectlombok/lombok/1.18.30/lombok-1.18.30.jar:/Users/jorgebarrigaquilodran/.m2/repository/org/springframework/boot/spring-boot-starter-test/3.4.3/spring-boot-starter-test-3.4.3.jar:/Users/jorgebarrigaquilodran/.m2/repository/org/springframework/boot/spring-boot-test/3.4.3/spring-boot-test-3.4.3.jar:/Users/jorgebarrigaquilodran/.m2/repository/org/springframework/boot/spring-boot-test-autoconfigure/3.4.3/spring-boot-test-autoconfigure-3.4.3.jar:/Users/jorgebarrigaquilodran/.m2/repository/com/jayway/jsonpath/json-path/2.9.0/json-path-2.9.0.jar:/Users/jorgebarrigaquilodran/.m2/repository/jakarta/xml/bind/jakarta.xml.bind-api/4.0.2/jakarta.xml.bind-api-4.0.2.jar:/Users/jorgebarrigaquilodran/.m2/repository/jakarta/activation/jakarta.activation-api/2.1.3/jakarta.activation-api-2.1.3.jar:/Users/jorgebarrigaquilodran/.m2/repository/net/minidev/json-smart/2.5.2/json-smart-2.5.2.jar:/Users/jorgebarrigaquilodran/.m2/repository/net/minidev/accessors-smart/2.5.2/accessors-smart-2.5.2.jar:/Users/jorgebarrigaquilodran/.m2/repository/org/ow2/asm/asm/9.7.1/asm-9.7.1.jar:/Users/jorgebarrigaquilodran/.m2/repository/org/assertj/assertj-core/3.26.3/assertj-core-3.26.3.jar:/Users/jorgebarrigaquilodran/.m2/repository/org/awaitility/awaitility/4.2.2/awaitility-4.2.2.jar:/Users/jorgebarrigaquilodran/.m2/repository/org/hamcrest/hamcrest/2.2/hamcrest-2.2.jar:/Users/jorgebarrigaquilodran/.m2/repository/org/junit/jupiter/junit-jupiter/5.11.4/junit-jupiter-5.11.4.jar:/Users/jorgebarrigaquilodran/.m2/repository/org/junit/jupiter/junit-jupiter-api/5.11.4/junit-jupiter-api-5.11.4.jar:/Users/jorgebarrigaquilodran/.m2/repository/org/opentest4j/opentest4j/1.3.0/opentest4j-1.3.0.jar:/Users/jorgebarrigaquilodran/.m2/repository/org/junit/platform/junit-platform-commons/1.11.4/junit-platform-commons-1.11.4.jar:/Users/jorgebarrigaquilodran/.m2/repository/org/apiguardian/apiguardian-api/1.1.2/apiguardian-api-1.1.2.jar:/Users/jorgebarrigaquilodran/.m2/repository/org/junit/jupiter/junit-jupiter-params/5.11.4/junit-jupiter-params-5.11.4.jar:/Users/jorgebarrigaquilodran/.m2/repository/org/junit/jupiter/junit-jupiter-engine/5.11.4/junit-jupiter-engine-5.11.4.jar:/Users/jorgebarrigaquilodran/.m2/repository/org/junit/platform/junit-platform-engine/1.11.4/junit-platform-engine-1.11.4.jar:/Users/jorgebarrigaquilodran/.m2/repository/org/mockito/mockito-core/5.14.2/mockito-core-5.14.2.jar:/Users/jorgebarrigaquilodran/.m2/repository/net/bytebuddy/byte-buddy-agent/1.15.11/byte-buddy-agent-1.15.11.jar:/Users/jorgebarrigaquilodran/.m2/repository/org/objenesis/objenesis/3.3/objenesis-3.3.jar:/Users/jorgebarrigaquilodran/.m2/repository/org/mockito/mockito-junit-jupiter/5.14.2/mockito-junit-jupiter-5.14.2.jar:/Users/jorgebarrigaquilodran/.m2/repository/org/skyscreamer/jsonassert/1.5.3/jsonassert-1.5.3.jar:/Users/jorgebarrigaquilodran/.m2/repository/com/vaadin/external/google/android-json/0.0.20131108.vaadin1/android-json-0.0.20131108.vaadin1.jar:/Users/jorgebarrigaquilodran/.m2/repository/org/springframework/spring-core/6.2.3/spring-core-6.2.3.jar:/Users/jorgebarrigaquilodran/.m2/repository/org/springframework/spring-jcl/6.2.3/spring-jcl-6.2.3.jar:/Users/jorgebarrigaquilodran/.m2/repository/org/springframework/spring-test/6.2.3/spring-test-6.2.3.jar:/Users/jorgebarrigaquilodran/.m2/repository/org/xmlunit/xmlunit-core/2.10.0/xmlunit-core-2.10.0.jar:/Users/jorgebarrigaquilodran/.m2/repository/org/springframework/security/spring-security-test/6.4.3/spring-security-test-6.4.3.jar:/Users/jorgebarrigaquilodran/.m2/repository/org/springframework/security/spring-security-core/6.4.3/spring-security-core-6.4.3.jar:/Users/jorgebarrigaquilodran/.m2/repository/io/jsonwebtoken/jjwt-api/0.11.2/jjwt-api-0.11.2.jar:/Users/jorgebarrigaquilodran/.m2/repository/io/jsonwebtoken/jjwt-impl/0.11.2/jjwt-impl-0.11.2.jar:/Users/jorgebarrigaquilodran/.m2/repository/io/jsonwebtoken/jjwt-jackson/0.11.2/jjwt-jackson-0.11.2.jar:/Users/jorgebarrigaquilodran/.m2/repository/com/fasterxml/jackson/core/jackson-databind/2.18.2/jackson-databind-2.18.2.jar:/Users/jorgebarrigaquilodran/.m2/repository/org/springdoc/springdoc-openapi-starter-webmvc-ui/2.2.0/springdoc-openapi-starter-webmvc-ui-2.2.0.jar:/Users/jorgebarrigaquilodran/.m2/repository/org/springdoc/springdoc-openapi-starter-webmvc-api/2.2.0/springdoc-openapi-starter-webmvc-api-2.2.0.jar:/Users/jorgebarrigaquilodran/.m2/repository/org/springdoc/springdoc-openapi-starter-common/2.2.0/springdoc-openapi-starter-common-2.2.0.jar:/Users/jorgebarrigaquilodran/.m2/repository/io/swagger/core/v3/swagger-core-jakarta/2.2.15/swagger-core-jakarta-2.2.15.jar:/Users/jorgebarrigaquilodran/.m2/repository/org/apache/commons/commons-lang3/3.17.0/commons-lang3-3.17.0.jar:/Users/jorgebarrigaquilodran/.m2/repository/io/swagger/core/v3/swagger-annotations-jakarta/2.2.15/swagger-annotations-jakarta-2.2.15.jar:/Users/jorgebarrigaquilodran/.m2/repository/io/swagger/core/v3/swagger-models-jakarta/2.2.15/swagger-models-jakarta-2.2.15.jar:/Users/jorgebarrigaquilodran/.m2/repository/jakarta/validation/jakarta.validation-api/3.0.2/jakarta.validation-api-3.0.2.jar:/Users/jorgebarrigaquilodran/.m2/repository/com/fasterxml/jackson/dataformat/jackson-dataformat-yaml/2.18.2/jackson-dataformat-yaml-2.18.2.jar:/Users/jorgebarrigaquilodran/.m2/repository/org/webjars/swagger-ui/5.2.0/swagger-ui-5.2.0.jar:/Users/jorgebarrigaquilodran/.m2/repository/org/springframework/security/spring-security-crypto/6.4.3/spring-security-crypto-6.4.3.jar:/Users/jorgebarrigaquilodran/.m2/repository/com/fasterxml/jackson/datatype/jackson-datatype-jsr310/2.15.0/jackson-datatype-jsr310-2.15.0.jar:/Users/jorgebarrigaquilodran/.m2/repository/com/fasterxml/jackson/core/jackson-annotations/2.18.2/jackson-annotations-2.18.2.jar:/Users/jorgebarrigaquilodran/.m2/repository/com/fasterxml/jackson/core/jackson-core/2.18.2/jackson-core-2.18.2.jar:"/>
    <property name="java.vm.vendor" value="Eclipse Adoptium"/>
    <property name="sun.arch.data.model" value="64"/>
    <property name="java.vendor.url" value="https://adoptium.net/"/>
    <property name="user.timezone" value="America/Santiago"/>
    <property name="org.jboss.logging.provider" value="slf4j"/>
    <property name="os.name" value="Mac OS X"/>
    <property name="java.vm.specification.version" value="17"/>
    <property name="sun.java.launcher" value="SUN_STANDARD"/>
    <property name="user.country" value="CL"/>
    <property name="sun.boot.library.path" value="/Library/Java/JavaVirtualMachines/temurin-17.jdk/Contents/Home/lib"/>
    <property name="sun.java.command" value="/Users/jorgebarrigaquilodran/Desarrollo/POC/java/spring-boot/gestion-tareas/target/surefire/surefirebooter-20250309153645423_3.jar /Users/jorgebarrigaquilodran/Desarrollo/POC/java/spring-boot/gestion-tareas/target/surefire 2025-03-09T15-36-45_383-jvmRun1 surefire-20250309153645423_1tmp surefire_0-20250309153645423_2tmp"/>
    <property name="http.nonProxyHosts" value="local|*.local|169.254/16|*.169.254/16"/>
    <property name="jdk.debug" value="release"/>
    <property name="surefire.test.class.path" value="/Users/jorgebarrigaquilodran/Desarrollo/POC/java/spring-boot/gestion-tareas/target/test-classes:/Users/jorgebarrigaquilodran/Desarrollo/POC/java/spring-boot/gestion-tareas/target/classes:/Users/jorgebarrigaquilodran/.m2/repository/org/springframework/boot/spring-boot-starter-data-jpa/3.4.3/spring-boot-starter-data-jpa-3.4.3.jar:/Users/jorgebarrigaquilodran/.m2/repository/org/springframework/boot/spring-boot-starter/3.4.3/spring-boot-starter-3.4.3.jar:/Users/jorgebarrigaquilodran/.m2/repository/org/springframework/boot/spring-boot-starter-logging/3.4.3/spring-boot-starter-logging-3.4.3.jar:/Users/jorgebarrigaquilodran/.m2/repository/ch/qos/logback/logback-classic/1.5.16/logback-classic-1.5.16.jar:/Users/jorgebarrigaquilodran/.m2/repository/ch/qos/logback/logback-core/1.5.16/logback-core-1.5.16.jar:/Users/jorgebarrigaquilodran/.m2/repository/org/apache/logging/log4j/log4j-to-slf4j/2.24.3/log4j-to-slf4j-2.24.3.jar:/Users/jorgebarrigaquilodran/.m2/repository/org/apache/logging/log4j/log4j-api/2.24.3/log4j-api-2.24.3.jar:/Users/jorgebarrigaquilodran/.m2/repository/org/slf4j/jul-to-slf4j/2.0.16/jul-to-slf4j-2.0.16.jar:/Users/jorgebarrigaquilodran/.m2/repository/jakarta/annotation/jakarta.annotation-api/2.1.1/jakarta.annotation-api-2.1.1.jar:/Users/jorgebarrigaquilodran/.m2/repository/org/yaml/snakeyaml/2.3/snakeyaml-2.3.jar:/Users/jorgebarrigaquilodran/.m2/repository/org/springframework/boot/spring-boot-starter-jdbc/3.4.3/spring-boot-starter-jdbc-3.4.3.jar:/Users/jorgebarrigaquilodran/.m2/repository/com/zaxxer/HikariCP/5.1.0/HikariCP-5.1.0.jar:/Users/jorgebarrigaquilodran/.m2/repository/org/springframework/spring-jdbc/6.2.3/spring-jdbc-6.2.3.jar:/Users/jorgebarrigaquilodran/.m2/repository/org/hibernate/orm/hibernate-core/6.6.8.Final/hibernate-core-6.6.8.Final.jar:/Users/jorgebarrigaquilodran/.m2/repository/jakarta/persistence/jakarta.persistence-api/3.1.0/jakarta.persistence-api-3.1.0.jar:/Users/jorgebarrigaquilodran/.m2/repository/jakarta/transaction/jakarta.transaction-api/2.0.1/jakarta.transaction-api-2.0.1.jar:/Users/jorgebarrigaquilodran/.m2/repository/org/jboss/logging/jboss-logging/3.6.1.Final/jboss-logging-3.6.1.Final.jar:/Users/jorgebarrigaquilodran/.m2/repository/org/hibernate/common/hibernate-commons-annotations/7.0.3.Final/hibernate-commons-annotations-7.0.3.Final.jar:/Users/jorgebarrigaquilodran/.m2/repository/io/smallrye/jandex/3.2.0/jandex-3.2.0.jar:/Users/jorgebarrigaquilodran/.m2/repository/com/fasterxml/classmate/1.7.0/classmate-1.7.0.jar:/Users/jorgebarrigaquilodran/.m2/repository/net/bytebuddy/byte-buddy/1.15.11/byte-buddy-1.15.11.jar:/Users/jorgebarrigaquilodran/.m2/repository/org/glassfish/jaxb/jaxb-runtime/4.0.5/jaxb-runtime-4.0.5.jar:/Users/jorgebarrigaquilodran/.m2/repository/org/glassfish/jaxb/jaxb-core/4.0.5/jaxb-core-4.0.5.jar:/Users/jorgebarrigaquilodran/.m2/repository/org/eclipse/angus/angus-activation/2.0.2/angus-activation-2.0.2.jar:/Users/jorgebarrigaquilodran/.m2/repository/org/glassfish/jaxb/txw2/4.0.5/txw2-4.0.5.jar:/Users/jorgebarrigaquilodran/.m2/repository/com/sun/istack/istack-commons-runtime/4.1.2/istack-commons-runtime-4.1.2.jar:/Users/jorgebarrigaquilodran/.m2/repository/jakarta/inject/jakarta.inject-api/2.0.1/jakarta.inject-api-2.0.1.jar:/Users/jorgebarrigaquilodran/.m2/repository/org/antlr/antlr4-runtime/4.13.0/antlr4-runtime-4.13.0.jar:/Users/jorgebarrigaquilodran/.m2/repository/org/springframework/data/spring-data-jpa/3.4.3/spring-data-jpa-3.4.3.jar:/Users/jorgebarrigaquilodran/.m2/repository/org/springframework/data/spring-data-commons/3.4.3/spring-data-commons-3.4.3.jar:/Users/jorgebarrigaquilodran/.m2/repository/org/springframework/spring-orm/6.2.3/spring-orm-6.2.3.jar:/Users/jorgebarrigaquilodran/.m2/repository/org/springframework/spring-context/6.2.3/spring-context-6.2.3.jar:/Users/jorgebarrigaquilodran/.m2/repository/org/springframework/spring-tx/6.2.3/spring-tx-6.2.3.jar:/Users/jorgebarrigaquilodran/.m2/repository/org/springframework/spring-beans/6.2.3/spring-beans-6.2.3.jar:/Users/jorgebarrigaquilodran/.m2/repository/org/slf4j/slf4j-api/2.0.16/slf4j-api-2.0.16.jar:/Users/jorgebarrigaquilodran/.m2/repository/org/springframework/spring-aspects/6.2.3/spring-aspects-6.2.3.jar:/Users/jorgebarrigaquilodran/.m2/repository/org/aspectj/aspectjweaver/1.9.22.1/aspectjweaver-1.9.22.1.jar:/Users/jorgebarrigaquilodran/.m2/repository/org/springframework/boot/spring-boot-starter-security/3.4.3/spring-boot-starter-security-3.4.3.jar:/Users/jorgebarrigaquilodran/.m2/repository/org/springframework/spring-aop/6.2.3/spring-aop-6.2.3.jar:/Users/jorgebarrigaquilodran/.m2/repository/org/springframework/security/spring-security-config/6.4.3/spring-security-config-6.4.3.jar:/Users/jorgebarrigaquilodran/.m2/repository/org/springframework/security/spring-security-web/6.4.3/spring-security-web-6.4.3.jar:/Users/jorgebarrigaquilodran/.m2/repository/org/springframework/spring-expression/6.2.3/spring-expression-6.2.3.jar:/Users/jorgebarrigaquilodran/.m2/repository/org/springframework/boot/spring-boot-starter-web/3.4.3/spring-boot-starter-web-3.4.3.jar:/Users/jorgebarrigaquilodran/.m2/repository/org/springframework/boot/spring-boot-starter-json/3.4.3/spring-boot-starter-json-3.4.3.jar:/Users/jorgebarrigaquilodran/.m2/repository/com/fasterxml/jackson/datatype/jackson-datatype-jdk8/2.18.2/jackson-datatype-jdk8-2.18.2.jar:/Users/jorgebarrigaquilodran/.m2/repository/com/fasterxml/jackson/module/jackson-module-parameter-names/2.18.2/jackson-module-parameter-names-2.18.2.jar:/Users/jorgebarrigaquilodran/.m2/repository/org/springframework/boot/spring-boot-starter-tomcat/3.4.3/spring-boot-starter-tomcat-3.4.3.jar:/Users/jorgebarrigaquilodran/.m2/repository/org/apache/tomcat/embed/tomcat-embed-core/10.1.36/tomcat-embed-core-10.1.36.jar:/Users/jorgebarrigaquilodran/.m2/repository/org/apache/tomcat/embed/tomcat-embed-el/10.1.36/tomcat-embed-el-10.1.36.jar:/Users/jorgebarrigaquilodran/.m2/repository/org/apache/tomcat/embed/tomcat-embed-websocket/10.1.36/tomcat-embed-websocket-10.1.36.jar:/Users/jorgebarrigaquilodran/.m2/repository/org/springframework/spring-web/6.2.3/spring-web-6.2.3.jar:/Users/jorgebarrigaquilodran/.m2/repository/io/micrometer/micrometer-observation/1.14.4/micrometer-observation-1.14.4.jar:/Users/jorgebarrigaquilodran/.m2/repository/io/micrometer/micrometer-commons/1.14.4/micrometer-commons-1.14.4.jar:/Users/jorgebarrigaquilodran/.m2/repository/org/springframework/spring-webmvc/6.2.3/spring-webmvc-6.2.3.jar:/Users/jorgebarrigaquilodran/.m2/repository/org/springframework/boot/spring-boot-devtools/3.4.3/spring-boot-devtools-3.4.3.jar:/Users/jorgebarrigaquilodran/.m2/repository/org/springframework/boot/spring-boot/3.4.3/spring-boot-3.4.3.jar:/Users/jorgebarrigaquilodran/.m2/repository/org/springframework/boot/spring-boot-autoconfigure/3.4.3/spring-boot-autoconfigure-3.4.3.jar:/Users/jorgebarrigaquilodran/.m2/repository/com/h2database/h2/2.3.232/h2-2.3.232.jar:/Users/jorgebarrigaquilodran/.m2/repository/org/projectlombok/lombok/1.18.30/lombok-1.18.30.jar:/Users/jorgebarrigaquilodran/.m2/repository/org/springframework/boot/spring-boot-starter-test/3.4.3/spring-boot-starter-test-3.4.3.jar:/Users/jorgebarrigaquilodran/.m2/repository/org/springframework/boot/spring-boot-test/3.4.3/spring-boot-test-3.4.3.jar:/Users/jorgebarrigaquilodran/.m2/repository/org/springframework/boot/spring-boot-test-autoconfigure/3.4.3/spring-boot-test-autoconfigure-3.4.3.jar:/Users/jorgebarrigaquilodran/.m2/repository/com/jayway/jsonpath/json-path/2.9.0/json-path-2.9.0.jar:/Users/jorgebarrigaquilodran/.m2/repository/jakarta/xml/bind/jakarta.xml.bind-api/4.0.2/jakarta.xml.bind-api-4.0.2.jar:/Users/jorgebarrigaquilodran/.m2/repository/jakarta/activation/jakarta.activation-api/2.1.3/jakarta.activation-api-2.1.3.jar:/Users/jorgebarrigaquilodran/.m2/repository/net/minidev/json-smart/2.5.2/json-smart-2.5.2.jar:/Users/jorgebarrigaquilodran/.m2/repository/net/minidev/accessors-smart/2.5.2/accessors-smart-2.5.2.jar:/Users/jorgebarrigaquilodran/.m2/repository/org/ow2/asm/asm/9.7.1/asm-9.7.1.jar:/Users/jorgebarrigaquilodran/.m2/repository/org/assertj/assertj-core/3.26.3/assertj-core-3.26.3.jar:/Users/jorgebarrigaquilodran/.m2/repository/org/awaitility/awaitility/4.2.2/awaitility-4.2.2.jar:/Users/jorgebarrigaquilodran/.m2/repository/org/hamcrest/hamcrest/2.2/hamcrest-2.2.jar:/Users/jorgebarrigaquilodran/.m2/repository/org/junit/jupiter/junit-jupiter/5.11.4/junit-jupiter-5.11.4.jar:/Users/jorgebarrigaquilodran/.m2/repository/org/junit/jupiter/junit-jupiter-api/5.11.4/junit-jupiter-api-5.11.4.jar:/Users/jorgebarrigaquilodran/.m2/repository/org/opentest4j/opentest4j/1.3.0/opentest4j-1.3.0.jar:/Users/jorgebarrigaquilodran/.m2/repository/org/junit/platform/junit-platform-commons/1.11.4/junit-platform-commons-1.11.4.jar:/Users/jorgebarrigaquilodran/.m2/repository/org/apiguardian/apiguardian-api/1.1.2/apiguardian-api-1.1.2.jar:/Users/jorgebarrigaquilodran/.m2/repository/org/junit/jupiter/junit-jupiter-params/5.11.4/junit-jupiter-params-5.11.4.jar:/Users/jorgebarrigaquilodran/.m2/repository/org/junit/jupiter/junit-jupiter-engine/5.11.4/junit-jupiter-engine-5.11.4.jar:/Users/jorgebarrigaquilodran/.m2/repository/org/junit/platform/junit-platform-engine/1.11.4/junit-platform-engine-1.11.4.jar:/Users/jorgebarrigaquilodran/.m2/repository/org/mockito/mockito-core/5.14.2/mockito-core-5.14.2.jar:/Users/jorgebarrigaquilodran/.m2/repository/net/bytebuddy/byte-buddy-agent/1.15.11/byte-buddy-agent-1.15.11.jar:/Users/jorgebarrigaquilodran/.m2/repository/org/objenesis/objenesis/3.3/objenesis-3.3.jar:/Users/jorgebarrigaquilodran/.m2/repository/org/mockito/mockito-junit-jupiter/5.14.2/mockito-junit-jupiter-5.14.2.jar:/Users/jorgebarrigaquilodran/.m2/repository/org/skyscreamer/jsonassert/1.5.3/jsonassert-1.5.3.jar:/Users/jorgebarrigaquilodran/.m2/repository/com/vaadin/external/google/android-json/0.0.20131108.vaadin1/android-json-0.0.20131108.vaadin1.jar:/Users/jorgebarrigaquilodran/.m2/repository/org/springframework/spring-core/6.2.3/spring-core-6.2.3.jar:/Users/jorgebarrigaquilodran/.m2/repository/org/springframework/spring-jcl/6.2.3/spring-jcl-6.2.3.jar:/Users/jorgebarrigaquilodran/.m2/repository/org/springframework/spring-test/6.2.3/spring-test-6.2.3.jar:/Users/jorgebarrigaquilodran/.m2/repository/org/xmlunit/xmlunit-core/2.10.0/xmlunit-core-2.10.0.jar:/Users/jorgebarrigaquilodran/.m2/repository/org/springframework/security/spring-security-test/6.4.3/spring-security-test-6.4.3.jar:/Users/jorgebarrigaquilodran/.m2/repository/org/springframework/security/spring-security-core/6.4.3/spring-security-core-6.4.3.jar:/Users/jorgebarrigaquilodran/.m2/repository/io/jsonwebtoken/jjwt-api/0.11.2/jjwt-api-0.11.2.jar:/Users/jorgebarrigaquilodran/.m2/repository/io/jsonwebtoken/jjwt-impl/0.11.2/jjwt-impl-0.11.2.jar:/Users/jorgebarrigaquilodran/.m2/repository/io/jsonwebtoken/jjwt-jackson/0.11.2/jjwt-jackson-0.11.2.jar:/Users/jorgebarrigaquilodran/.m2/repository/com/fasterxml/jackson/core/jackson-databind/2.18.2/jackson-databind-2.18.2.jar:/Users/jorgebarrigaquilodran/.m2/repository/org/springdoc/springdoc-openapi-starter-webmvc-ui/2.2.0/springdoc-openapi-starter-webmvc-ui-2.2.0.jar:/Users/jorgebarrigaquilodran/.m2/repository/org/springdoc/springdoc-openapi-starter-webmvc-api/2.2.0/springdoc-openapi-starter-webmvc-api-2.2.0.jar:/Users/jorgebarrigaquilodran/.m2/repository/org/springdoc/springdoc-openapi-starter-common/2.2.0/springdoc-openapi-starter-common-2.2.0.jar:/Users/jorgebarrigaquilodran/.m2/repository/io/swagger/core/v3/swagger-core-jakarta/2.2.15/swagger-core-jakarta-2.2.15.jar:/Users/jorgebarrigaquilodran/.m2/repository/org/apache/commons/commons-lang3/3.17.0/commons-lang3-3.17.0.jar:/Users/jorgebarrigaquilodran/.m2/repository/io/swagger/core/v3/swagger-annotations-jakarta/2.2.15/swagger-annotations-jakarta-2.2.15.jar:/Users/jorgebarrigaquilodran/.m2/repository/io/swagger/core/v3/swagger-models-jakarta/2.2.15/swagger-models-jakarta-2.2.15.jar:/Users/jorgebarrigaquilodran/.m2/repository/jakarta/validation/jakarta.validation-api/3.0.2/jakarta.validation-api-3.0.2.jar:/Users/jorgebarrigaquilodran/.m2/repository/com/fasterxml/jackson/dataformat/jackson-dataformat-yaml/2.18.2/jackson-dataformat-yaml-2.18.2.jar:/Users/jorgebarrigaquilodran/.m2/repository/org/webjars/swagger-ui/5.2.0/swagger-ui-5.2.0.jar:/Users/jorgebarrigaquilodran/.m2/repository/org/springframework/security/spring-security-crypto/6.4.3/spring-security-crypto-6.4.3.jar:/Users/jorgebarrigaquilodran/.m2/repository/com/fasterxml/jackson/datatype/jackson-datatype-jsr310/2.15.0/jackson-datatype-jsr310-2.15.0.jar:/Users/jorgebarrigaquilodran/.m2/repository/com/fasterxml/jackson/core/jackson-annotations/2.18.2/jackson-annotations-2.18.2.jar:/Users/jorgebarrigaquilodran/.m2/repository/com/fasterxml/jackson/core/jackson-core/2.18.2/jackson-core-2.18.2.jar:"/>
    <property name="sun.cpu.endian" value="little"/>
    <property name="user.home" value="/Users/jorgebarrigaquilodran"/>
    <property name="user.language" value="es"/>
    <property name="java.specification.vendor" value="Oracle Corporation"/>
    <property name="java.version.date" value="2025-01-21"/>
    <property name="java.home" value="/Library/Java/JavaVirtualMachines/temurin-17.jdk/Contents/Home"/>
    <property name="file.separator" value="/"/>
    <property name="basedir" value="/Users/jorgebarrigaquilodran/Desarrollo/POC/java/spring-boot/gestion-tareas"/>
    <property name="java.vm.compressedOopsMode" value="Zero based"/>
    <property name="line.separator" value="&#10;"/>
    <property name="java.vm.specification.vendor" value="Oracle Corporation"/>
    <property name="java.specification.name" value="Java Platform API Specification"/>
    <property name="FILE_LOG_CHARSET" value="UTF-8"/>
    <property name="java.awt.headless" value="true"/>
    <property name="surefire.real.class.path" value="/Users/jorgebarrigaquilodran/Desarrollo/POC/java/spring-boot/gestion-tareas/target/surefire/surefirebooter-20250309153645423_3.jar"/>
    <property name="sun.management.compiler" value="HotSpot 64-Bit Tiered Compilers"/>
    <property name="ftp.nonProxyHosts" value="local|*.local|169.254/16|*.169.254/16"/>
    <property name="java.runtime.version" value="17.0.14+7"/>
    <property name="user.name" value="jorgebarrigaquilodran"/>
    <property name="path.separator" value=":"/>
    <property name="os.version" value="15.3.1"/>
    <property name="java.runtime.name" value="OpenJDK Runtime Environment"/>
    <property name="file.encoding" value="UTF-8"/>
    <property name="java.vm.name" value="OpenJDK 64-Bit Server VM"/>
    <property name="java.vendor.version" value="Temurin-17.0.14+7"/>
    <property name="localRepository" value="/Users/jorgebarrigaquilodran/.m2/repository"/>
    <property name="java.vendor.url.bug" value="https://github.com/adoptium/adoptium-support/issues"/>
    <property name="java.io.tmpdir" value="/var/folders/wm/l6w609q534x52ps72xgvj7f40000gn/T/"/>
    <property name="com.zaxxer.hikari.pool_number" value="1"/>
    <property name="java.version" value="17.0.14"/>
    <property name="user.dir" value="/Users/jorgebarrigaquilodran/Desarrollo/POC/java/spring-boot/gestion-tareas"/>
    <property name="os.arch" value="aarch64"/>
    <property name="java.vm.specification.name" value="Java Virtual Machine Specification"/>
    <property name="PID" value="40385"/>
    <property name="CONSOLE_LOG_CHARSET" value="UTF-8"/>
    <property name="native.encoding" value="UTF-8"/>
    <property name="java.library.path" value="/Users/jorgebarrigaquilodran/Library/Java/Extensions:/Library/Java/Extensions:/Network/Library/Java/Extensions:/System/Library/Java/Extensions:/usr/lib/java:."/>
    <property name="java.vm.info" value="mixed mode, sharing"/>
    <property name="java.vendor" value="Eclipse Adoptium"/>
    <property name="java.vm.version" value="17.0.14+7"/>
    <property name="java.specification.maintenance.version" value="1"/>
    <property name="sun.io.unicode.encoding" value="UnicodeBig"/>
    <property name="socksNonProxyHosts" value="local|*.local|169.254/16|*.169.254/16"/>
    <property name="java.class.version" value="61.0"/>
  </properties>
  <testcase name="testActualizarTarea" classname="com.nuevo.tareas.GestionTareasApplicationTests" time="0.411">
    <system-out><![CDATA[15:36:45.717 [main] INFO org.springframework.test.context.support.AnnotationConfigContextLoaderUtils -- Could not detect default configuration classes for test class [com.nuevo.tareas.GestionTareasApplicationTests]: GestionTareasApplicationTests does not declare any static, non-private, non-final, nested classes annotated with @Configuration.
15:36:45.753 [main] INFO org.springframework.boot.test.context.SpringBootTestContextBootstrapper -- Found @SpringBootConfiguration com.nuevo.tareas.GestionTareasApplication for test class com.nuevo.tareas.GestionTareasApplicationTests
15:36:45.807 [main] INFO org.springframework.boot.devtools.restart.RestartApplicationListener -- Restart disabled due to context in which it is running

  .   ____          _            __ _ _
 /\\ / ___'_ __ _ _(_)_ __  __ _ \ \ \ \
( ( )\___ | '_ | '_| | '_ \/ _` | \ \ \ \
 \\/  ___)| |_)| | | | | || (_| |  ) ) ) )
  '  |____| .__|_| |_|_| |_\__, | / / / /
 =========|_|==============|___/=/_/_/_/

 :: Spring Boot ::                (v3.4.3)

2025-03-09T15:36:45.903-03:00  INFO 40385 --- [           main] c.n.t.GestionTareasApplicationTests      : Starting GestionTareasApplicationTests using Java 17.0.14 with PID 40385 (started by jorgebarrigaquilodran in /Users/jorgebarrigaquilodran/Desarrollo/POC/java/spring-boot/gestion-tareas)
2025-03-09T15:36:45.903-03:00  INFO 40385 --- [           main] c.n.t.GestionTareasApplicationTests      : No active profile set, falling back to 1 default profile: "default"
2025-03-09T15:36:46.156-03:00  INFO 40385 --- [           main] .s.d.r.c.RepositoryConfigurationDelegate : Bootstrapping Spring Data JPA repositories in DEFAULT mode.
2025-03-09T15:36:46.178-03:00  INFO 40385 --- [           main] .s.d.r.c.RepositoryConfigurationDelegate : Finished Spring Data repository scanning in 18 ms. Found 3 JPA repository interfaces.
2025-03-09T15:36:46.328-03:00  INFO 40385 --- [           main] o.hibernate.jpa.internal.util.LogHelper  : HHH000204: Processing PersistenceUnitInfo [name: default]
2025-03-09T15:36:46.341-03:00  INFO 40385 --- [           main] org.hibernate.Version                    : HHH000412: Hibernate ORM core version 6.6.8.Final
2025-03-09T15:36:46.351-03:00  INFO 40385 --- [           main] o.h.c.internal.RegionFactoryInitiator    : HHH000026: Second-level cache disabled
2025-03-09T15:36:46.434-03:00  INFO 40385 --- [           main] o.s.o.j.p.SpringPersistenceUnitInfo      : No LoadTimeWeaver setup: ignoring JPA class transformer
2025-03-09T15:36:46.442-03:00  INFO 40385 --- [           main] com.zaxxer.hikari.HikariDataSource       : HikariPool-1 - Starting...
2025-03-09T15:36:46.501-03:00  INFO 40385 --- [           main] com.zaxxer.hikari.pool.HikariPool        : HikariPool-1 - Added connection conn0: url=jdbc:h2:mem:tareasdb user=SA
2025-03-09T15:36:46.501-03:00  INFO 40385 --- [           main] com.zaxxer.hikari.HikariDataSource       : HikariPool-1 - Start completed.
2025-03-09T15:36:46.508-03:00  WARN 40385 --- [           main] org.hibernate.orm.deprecation            : HHH90000025: H2Dialect does not need to be specified explicitly using 'hibernate.dialect' (remove the property setting and it will be selected by default)
2025-03-09T15:36:46.515-03:00  INFO 40385 --- [           main] org.hibernate.orm.connections.pooling    : HHH10001005: Database info:
	Database JDBC URL [Connecting through datasource 'HikariDataSource (HikariPool-1)']
	Database driver: undefined/unknown
	Database version: 2.3.232
	Autocommit mode: undefined/unknown
	Isolation level: undefined/unknown
	Minimum pool size: undefined/unknown
	Maximum pool size: undefined/unknown
2025-03-09T15:36:46.812-03:00  INFO 40385 --- [           main] o.h.e.t.j.p.i.JtaPlatformInitiator       : HHH000489: No JTA platform available (set 'hibernate.transaction.jta.platform' to enable JTA platform integration)
Hibernate: create table estados_tarea (id bigint generated by default as identity, nombre varchar(255) not null, primary key (id))
Hibernate: create table tareas (id bigint generated by default as identity, descripcion varchar(255) not null, fecha_creacion timestamp(6) not null, fecha_vencimiento timestamp(6) not null, titulo varchar(255) not null, estado_id bigint not null, usuario_id bigint, primary key (id))
Hibernate: create table usuarios (id bigint generated by default as identity, email varchar(255) not null, password varchar(255) not null, primary key (id))
Hibernate: alter table if exists estados_tarea drop constraint if exists UKgsd8544u2gc1aqm224m4jhbst
Hibernate: alter table if exists estados_tarea add constraint UKgsd8544u2gc1aqm224m4jhbst unique (nombre)
Hibernate: alter table if exists usuarios drop constraint if exists UKkfsp0s1tflm1cwlj8idhqsad0
Hibernate: alter table if exists usuarios add constraint UKkfsp0s1tflm1cwlj8idhqsad0 unique (email)
Hibernate: alter table if exists tareas add constraint FKb12pdhxq8kjxpdq1ukhm5hq0a foreign key (estado_id) references estados_tarea
Hibernate: alter table if exists tareas add constraint FKdmoaxl7yv4q6vkc9h32wvbddr foreign key (usuario_id) references usuarios
2025-03-09T15:36:46.836-03:00  INFO 40385 --- [           main] j.LocalContainerEntityManagerFactoryBean : Initialized JPA EntityManagerFactory for persistence unit 'default'
2025-03-09T15:36:46.979-03:00  WARN 40385 --- [           main] JpaBaseConfiguration$JpaWebConfiguration : spring.jpa.open-in-view is enabled by default. Therefore, database queries may be performed during view rendering. Explicitly configure spring.jpa.open-in-view to disable this warning
2025-03-09T15:36:47.126-03:00  INFO 40385 --- [           main] o.s.v.b.OptionalValidatorFactoryBean     : Failed to set up a Bean Validation provider: jakarta.validation.NoProviderFoundException: Unable to create a Configuration, because no Jakarta Bean Validation provider could be found. Add a provider like Hibernate Validator (RI) to your classpath.
2025-03-09T15:36:47.195-03:00  INFO 40385 --- [           main] o.s.b.a.h2.H2ConsoleAutoConfiguration    : H2 console available at '/h2-console'. Database available at 'jdbc:h2:mem:tareasdb'
2025-03-09T15:36:47.237-03:00  INFO 40385 --- [           main] o.s.b.t.m.w.SpringBootMockServletContext : Initializing Spring TestDispatcherServlet ''
2025-03-09T15:36:47.237-03:00  INFO 40385 --- [           main] o.s.t.web.servlet.TestDispatcherServlet  : Initializing Servlet ''
2025-03-09T15:36:47.238-03:00  INFO 40385 --- [           main] o.s.t.web.servlet.TestDispatcherServlet  : Completed initialization in 0 ms
2025-03-09T15:36:47.251-03:00  INFO 40385 --- [           main] c.n.t.GestionTareasApplicationTests      : Started GestionTareasApplicationTests in 1.448 seconds (process running for 1.785)
Hibernate: select count(*) from estados_tarea et1_0
Hibernate: insert into estados_tarea (nombre,id) values (?,default)
Hibernate: insert into estados_tarea (nombre,id) values (?,default)
Hibernate: insert into estados_tarea (nombre,id) values (?,default)
Hibernate: select count(*) from usuarios u1_0
Hibernate: insert into usuarios (email,password,id) values (?,?,default)
Usuario admin cargado desde configuración: admin@nuevo.com
Hibernate: select u1_0.id,u1_0.email,u1_0.password from usuarios u1_0 where u1_0.email=?
Hibernate: select u1_0.id,u1_0.email,u1_0.password from usuarios u1_0 where u1_0.id=?
Hibernate: select t1_0.usuario_id,t1_0.id,t1_0.descripcion,t1_0.estado_id,e1_0.id,e1_0.nombre,t1_0.fecha_creacion,t1_0.fecha_vencimiento,t1_0.titulo from tareas t1_0 left join estados_tarea e1_0 on e1_0.id=t1_0.estado_id where t1_0.usuario_id=?
Hibernate: delete from usuarios where id=?
Hibernate: insert into usuarios (email,password,id) values (?,?,default)
Hibernate: select u1_0.id,u1_0.email,u1_0.password from usuarios u1_0 where u1_0.email=?
Hibernate: select et1_0.id,et1_0.nombre from estados_tarea et1_0 where et1_0.nombre=?
Hibernate: insert into tareas (descripcion,estado_id,fecha_creacion,fecha_vencimiento,titulo,usuario_id,id) values (?,?,?,?,?,?,default)
Token recibido: eyJhbGciOiJIUzI1NiJ9.eyJzdWIiOiJhZG1pbkBudWV2by5jb20iLCJpYXQiOjE3NDE1NDU0MDcsImV4cCI6MTc0MTU0OTAwN30.ng7Ok_qRAOLcekwki71egeuMnxCdHILao83C0iDiAJk
Usuario autenticado: admin@nuevo.com
Hibernate: select u1_0.id,u1_0.email,u1_0.password from usuarios u1_0 where u1_0.email=?
Hibernate: select t1_0.id,t1_0.descripcion,t1_0.estado_id,e1_0.id,e1_0.nombre,t1_0.fecha_creacion,t1_0.fecha_vencimiento,t1_0.titulo,u1_0.id,u1_0.email,u1_0.password from tareas t1_0 join estados_tarea e1_0 on e1_0.id=t1_0.estado_id left join usuarios u1_0 on u1_0.id=t1_0.usuario_id where t1_0.id=?
Hibernate: update tareas set descripcion=?,estado_id=?,fecha_creacion=?,fecha_vencimiento=?,titulo=?,usuario_id=? where id=?
]]></system-out>
  </testcase>
  <testcase name="testLogin_Success" classname="com.nuevo.tareas.GestionTareasApplicationTests" time="0.141">
    <system-out><![CDATA[Hibernate: select u1_0.id,u1_0.email,u1_0.password from usuarios u1_0 where u1_0.email=?
Hibernate: select u1_0.id,u1_0.email,u1_0.password from usuarios u1_0 where u1_0.id=?
Hibernate: select t1_0.usuario_id,t1_0.id,t1_0.descripcion,t1_0.estado_id,e1_0.id,e1_0.nombre,t1_0.fecha_creacion,t1_0.fecha_vencimiento,t1_0.titulo from tareas t1_0 left join estados_tarea e1_0 on e1_0.id=t1_0.estado_id where t1_0.usuario_id=?
Hibernate: delete from tareas where id=?
Hibernate: delete from usuarios where id=?
Hibernate: insert into usuarios (email,password,id) values (?,?,default)
No se encontró un token en la solicitud.
Hibernate: select u1_0.id,u1_0.email,u1_0.password from usuarios u1_0 where u1_0.email=?
]]></system-out>
  </testcase>
  <testcase name="testCrearTarea" classname="com.nuevo.tareas.GestionTareasApplicationTests" time="0.074">
    <system-out><![CDATA[Hibernate: select u1_0.id,u1_0.email,u1_0.password from usuarios u1_0 where u1_0.email=?
Hibernate: select u1_0.id,u1_0.email,u1_0.password from usuarios u1_0 where u1_0.id=?
Hibernate: select t1_0.usuario_id,t1_0.id,t1_0.descripcion,t1_0.estado_id,e1_0.id,e1_0.nombre,t1_0.fecha_creacion,t1_0.fecha_vencimiento,t1_0.titulo from tareas t1_0 left join estados_tarea e1_0 on e1_0.id=t1_0.estado_id where t1_0.usuario_id=?
Hibernate: delete from usuarios where id=?
Hibernate: insert into usuarios (email,password,id) values (?,?,default)
Token recibido: eyJhbGciOiJIUzI1NiJ9.eyJzdWIiOiJhZG1pbkBudWV2by5jb20iLCJpYXQiOjE3NDE1NDU0MDgsImV4cCI6MTc0MTU0OTAwOH0.CIZSfXfBmvIk6ygz__eQXEWMNPxai-qMZCq7vgkLm78
Usuario autenticado: admin@nuevo.com
Hibernate: select u1_0.id,u1_0.email,u1_0.password from usuarios u1_0 where u1_0.email=?
Hibernate: select et1_0.id,et1_0.nombre from estados_tarea et1_0 where et1_0.nombre=?
Hibernate: insert into tareas (descripcion,estado_id,fecha_creacion,fecha_vencimiento,titulo,usuario_id,id) values (?,?,?,?,?,?,default)
]]></system-out>
  </testcase>
  <testcase name="testEliminarTarea" classname="com.nuevo.tareas.GestionTareasApplicationTests" time="0.075">
    <system-out><![CDATA[Hibernate: select u1_0.id,u1_0.email,u1_0.password from usuarios u1_0 where u1_0.email=?
Hibernate: select u1_0.id,u1_0.email,u1_0.password from usuarios u1_0 where u1_0.id=?
Hibernate: select t1_0.usuario_id,t1_0.id,t1_0.descripcion,t1_0.estado_id,e1_0.id,e1_0.nombre,t1_0.fecha_creacion,t1_0.fecha_vencimiento,t1_0.titulo from tareas t1_0 left join estados_tarea e1_0 on e1_0.id=t1_0.estado_id where t1_0.usuario_id=?
Hibernate: delete from tareas where id=?
Hibernate: delete from usuarios where id=?
Hibernate: insert into usuarios (email,password,id) values (?,?,default)
Hibernate: select u1_0.id,u1_0.email,u1_0.password from usuarios u1_0 where u1_0.email=?
Hibernate: select et1_0.id,et1_0.nombre from estados_tarea et1_0 where et1_0.nombre=?
Hibernate: insert into tareas (descripcion,estado_id,fecha_creacion,fecha_vencimiento,titulo,usuario_id,id) values (?,?,?,?,?,?,default)
Token recibido: eyJhbGciOiJIUzI1NiJ9.eyJzdWIiOiJhZG1pbkBudWV2by5jb20iLCJpYXQiOjE3NDE1NDU0MDgsImV4cCI6MTc0MTU0OTAwOH0.CIZSfXfBmvIk6ygz__eQXEWMNPxai-qMZCq7vgkLm78
Usuario autenticado: admin@nuevo.com
Hibernate: select u1_0.id,u1_0.email,u1_0.password from usuarios u1_0 where u1_0.email=?
Hibernate: select t1_0.id,t1_0.descripcion,t1_0.estado_id,e1_0.id,e1_0.nombre,t1_0.fecha_creacion,t1_0.fecha_vencimiento,t1_0.titulo,u1_0.id,u1_0.email,u1_0.password from tareas t1_0 join estados_tarea e1_0 on e1_0.id=t1_0.estado_id left join usuarios u1_0 on u1_0.id=t1_0.usuario_id where t1_0.id=?
Hibernate: delete from tareas where id=?
]]></system-out>
  </testcase>
  <testcase name="contextLoads" classname="com.nuevo.tareas.GestionTareasApplicationTests" time="0.069">
    <system-out><![CDATA[Hibernate: select u1_0.id,u1_0.email,u1_0.password from usuarios u1_0 where u1_0.email=?
Hibernate: select u1_0.id,u1_0.email,u1_0.password from usuarios u1_0 where u1_0.id=?
Hibernate: select t1_0.usuario_id,t1_0.id,t1_0.descripcion,t1_0.estado_id,e1_0.id,e1_0.nombre,t1_0.fecha_creacion,t1_0.fecha_vencimiento,t1_0.titulo from tareas t1_0 left join estados_tarea e1_0 on e1_0.id=t1_0.estado_id where t1_0.usuario_id=?
Hibernate: delete from usuarios where id=?
Hibernate: insert into usuarios (email,password,id) values (?,?,default)
]]></system-out>
  </testcase>
  <testcase name="testGetTareas" classname="com.nuevo.tareas.GestionTareasApplicationTests" time="0.078">
    <system-out><![CDATA[Hibernate: select u1_0.id,u1_0.email,u1_0.password from usuarios u1_0 where u1_0.email=?
Hibernate: select u1_0.id,u1_0.email,u1_0.password from usuarios u1_0 where u1_0.id=?
Hibernate: select t1_0.usuario_id,t1_0.id,t1_0.descripcion,t1_0.estado_id,e1_0.id,e1_0.nombre,t1_0.fecha_creacion,t1_0.fecha_vencimiento,t1_0.titulo from tareas t1_0 left join estados_tarea e1_0 on e1_0.id=t1_0.estado_id where t1_0.usuario_id=?
Hibernate: delete from usuarios where id=?
Hibernate: insert into usuarios (email,password,id) values (?,?,default)
Token recibido: eyJhbGciOiJIUzI1NiJ9.eyJzdWIiOiJhZG1pbkBudWV2by5jb20iLCJpYXQiOjE3NDE1NDU0MDgsImV4cCI6MTc0MTU0OTAwOH0.CIZSfXfBmvIk6ygz__eQXEWMNPxai-qMZCq7vgkLm78
Usuario autenticado: admin@nuevo.com
Hibernate: select u1_0.id,u1_0.email,u1_0.password from usuarios u1_0 where u1_0.email=?
Hibernate: select t1_0.id,t1_0.descripcion,t1_0.estado_id,t1_0.fecha_creacion,t1_0.fecha_vencimiento,t1_0.titulo,t1_0.usuario_id from tareas t1_0 left join usuarios u1_0 on u1_0.id=t1_0.usuario_id where u1_0.id=?
]]></system-out>
  </testcase>
  <testcase name="testLogin_Fail" classname="com.nuevo.tareas.GestionTareasApplicationTests" time="0.137">
    <system-out><![CDATA[Hibernate: select u1_0.id,u1_0.email,u1_0.password from usuarios u1_0 where u1_0.email=?
Hibernate: select u1_0.id,u1_0.email,u1_0.password from usuarios u1_0 where u1_0.id=?
Hibernate: select t1_0.usuario_id,t1_0.id,t1_0.descripcion,t1_0.estado_id,e1_0.id,e1_0.nombre,t1_0.fecha_creacion,t1_0.fecha_vencimiento,t1_0.titulo from tareas t1_0 left join estados_tarea e1_0 on e1_0.id=t1_0.estado_id where t1_0.usuario_id=?
Hibernate: delete from usuarios where id=?
Hibernate: insert into usuarios (email,password,id) values (?,?,default)
No se encontró un token en la solicitud.
Hibernate: select u1_0.id,u1_0.email,u1_0.password from usuarios u1_0 where u1_0.email=?
]]></system-out>
  </testcase>
</testsuite>